This is pdfTeX, Version 3.14159265-2.6-1.40.18 (MiKTeX 2.9.6350 64-bit) (preloaded format=pdflatex 2017.6.27)  31 JUL 2017 11:51
entering extended mode
**./Challenge5.tex
(Challenge5.tex
LaTeX2e <2017-04-15>
Babel <3.10> and hyphenation patterns for 75 language(s) loaded.
("C:\Program Files\MiKTeX 2.9\tex\latex\base\article.cls"
Document Class: article 2014/09/29 v1.4h Standard LaTeX document class
("C:\Program Files\MiKTeX 2.9\tex\latex\base\size10.clo"
File: size10.clo 2014/09/29 v1.4h Standard LaTeX file (size option)
)
\c@part=\count79
\c@section=\count80
\c@subsection=\count81
\c@subsubsection=\count82
\c@paragraph=\count83
\c@subparagraph=\count84
\c@figure=\count85
\c@table=\count86
\abovecaptionskip=\skip41
\belowcaptionskip=\skip42
\bibindent=\dimen102
) (fancyhdr.sty
Package: fancyhdr 2016/10/11 v3.9 Extensive control of page headers and footers

\f@nch@headwidth=\skip43
\f@nch@O@elh=\skip44
\f@nch@O@erh=\skip45
\f@nch@O@olh=\skip46
\f@nch@O@orh=\skip47
\f@nch@O@elf=\skip48
\f@nch@O@erf=\skip49
\f@nch@O@olf=\skip50
\f@nch@O@orf=\skip51
)
(Challenge5.aux)
\openout1 = `Challenge5.aux'.

LaTeX Font Info:    Checking defaults for OML/cmm/m/it on input line 11.
LaTeX Font Info:    ... okay on input line 11.
LaTeX Font Info:    Checking defaults for T1/cmr/m/n on input line 11.
LaTeX Font Info:    ... okay on input line 11.
LaTeX Font Info:    Checking defaults for OT1/cmr/m/n on input line 11.
LaTeX Font Info:    ... okay on input line 11.
LaTeX Font Info:    Checking defaults for OMS/cmsy/m/n on input line 11.
LaTeX Font Info:    ... okay on input line 11.
LaTeX Font Info:    Checking defaults for OMX/cmex/m/n on input line 11.
LaTeX Font Info:    ... okay on input line 11.
LaTeX Font Info:    Checking defaults for U/cmr/m/n on input line 11.
LaTeX Font Info:    ... okay on input line 11.
LaTeX Font Info:    External font `cmex10' loaded for size
(Font)              <7> on input line 20.
LaTeX Font Info:    External font `cmex10' loaded for size
(Font)              <5> on input line 20.
Missing character: There is no â in font cmr10!
Missing character: There is no € in font cmr10!
Missing character: There is no ™ in font cmr10!

Overfull \hbox (2.49355pt too wide) in paragraph at lines 55--56
[]\OT1/cmr/m/n/10 Here is an-other sit-u-a-tion,we can ob-tain a tri-an-gle mak
-ing by 3 points $(\OML/cmm/m/it/10 J; K; L\OT1/cmr/m/n/10 )$
 []

[1{C:/ProgramData/MiKTeX/2.9/pdftex/config/pdftex.map}

]
Missing character: There is no â in font cmr10!
Missing character: There is no € in font cmr10!
Missing character: There is no ™ in font cmr10!
LaTeX Font Info:    External font `cmex10' loaded for size
(Font)              <20.74> on input line 76.
LaTeX Font Info:    External font `cmex10' loaded for size
(Font)              <14.4> on input line 76.
LaTeX Font Info:    External font `cmex10' loaded for size
(Font)              <12> on input line 76.

Overfull \hbox (2.15837pt too wide) detected at line 76
\OML/cmm/m/it/20.74 Pr\OT1/cmr/m/n/20.74 [\OMS/cmsy/m/n/20.74 j [] \OML/cmm/m/i
t/20.74 X[] \OMS/cmsy/m/n/20.74  \OML/cmm/m/it/20.74 B[]\OMS/cmsy/m/n/20.74 j\
OT1/cmr/m/n/20.74 ] \OMS/cmsy/m/n/20.74  \OML/cmm/m/it/20.74 C\OT1/cmr/m/n/20.
74 (\OML/cmm/m/it/20.74 n; floor\OT1/cmr/m/n/20.74 ([])) \OMS/cmsy/m/n/20.74  
\OT1/cmr/m/n/20.74 1 \OMS/cmsy/m/n/20.74  \OT1/cmr/m/n/20.74 2[]
 []

LaTeX Font Info:    Try loading font information for OMS+cmr on input line 80.
("C:\Program Files\MiKTeX 2.9\tex\latex\base\omscmr.fd"
File: omscmr.fd 2014/09/29 v2.5h Standard LaTeX font definitions
)
LaTeX Font Info:    Font shape `OMS/cmr/m/n' in size <10> not available
(Font)              Font shape `OMS/cmsy/m/n' tried instead on input line 80.
 [2] [3]
(Challenge5.aux) ) 
Here is how much of TeX's memory you used:
 371 strings out of 493323
 4080 string characters out of 3139066
 60162 words of memory out of 3000000
 3986 multiletter control sequences out of 15000+200000
 6380 words of font info for 23 fonts, out of 3000000 for 9000
 1141 hyphenation exceptions out of 8191
 23i,11n,43p,295b,186s stack positions out of 5000i,500n,10000p,200000b,50000s
<C:/Program Files/MiKTeX 2.9/fonts/type1/public/amsfonts/cm/c
mex10.pfb><C:/Program Files/MiKTeX 2.9/fonts/type1/public/amsfonts/cm/cmmi10.pf
b><C:/Program Files/MiKTeX 2.9/fonts/type1/public/amsfonts/cm/cmmi12.pfb><C:/Pr
ogram Files/MiKTeX 2.9/fonts/type1/public/amsfonts/cm/cmmi7.pfb><C:/Program Fil
es/MiKTeX 2.9/fonts/type1/public/amsfonts/cm/cmr10.pfb><C:/Program Files/MiKTeX
 2.9/fonts/type1/public/amsfonts/cm/cmr12.pfb><C:/Program Files/MiKTeX 2.9/font
s/type1/public/amsfonts/cm/cmr17.pfb><C:/Program Files/MiKTeX 2.9/fonts/type1/p
ublic/amsfonts/cm/cmr7.pfb><C:/Program Files/MiKTeX 2.9/fonts/type1/public/amsf
onts/cm/cmsy10.pfb><C:/Program Files/MiKTeX 2.9/fonts/type1/public/amsfonts/cm/
cmsy7.pfb>
Output written on Challenge5.pdf (3 pages, 117283 bytes).
PDF statistics:
 52 PDF objects out of 1000 (max. 8388607)
 0 named destinations out of 1000 (max. 500000)
 1 words of extra memory for PDF output out of 10000 (max. 10000000)

